
/home/runner/work/exp-structure-break-down-iitd/exp-structure-break-down-iitd/experiment/pretest.js
  18:18  warning  'letter' is not defined  no-undef
  22:73  warning  'letter' is not defined  no-undef
  23:13  warning  'letter' is not defined  no-undef
  24:37  warning  'letter' is not defined  no-undef

/home/runner/work/exp-structure-break-down-iitd/exp-structure-break-down-iitd/experiment/simulation/js/main.js
    4:10  warning  'restart' is defined but never used                     no-unused-vars
   10:10  warning  'navNext0' is defined but never used                    no-unused-vars
   18:10  warning  'navNext1' is defined but never used                    no-unused-vars
   26:10  warning  'navNext1a' is defined but never used                   no-unused-vars
   34:10  warning  'navNext1b' is defined but never used                   no-unused-vars
   43:10  warning  'navNext1c' is defined but never used                   no-unused-vars
   53:10  warning  'navNext1d' is defined but never used                   no-unused-vars
   62:10  warning  'navNext1e' is defined but never used                   no-unused-vars
   70:10  warning  'navNext1f' is defined but never used                   no-unused-vars
   78:10  warning  'navNext1g' is defined but never used                   no-unused-vars
   86:10  warning  'navNext1h' is defined but never used                   no-unused-vars
   92:10  warning  'navNext1i' is defined but never used                   no-unused-vars
  109:10  warning  'navNext2' is defined but never used                    no-unused-vars
  117:2   warning  '$' is not defined                                      no-undef
  130:10  warning  'add_stand' is defined but never used                   no-unused-vars
  150:10  warning  'start_analysis' is defined but never used              no-unused-vars
  154:10  warning  'add_aluminium_bar' is defined but never used           no-unused-vars
  173:10  warning  'add_cellotap' is defined but never used                no-unused-vars
  190:10  warning  'start_Analysis' is defined but never used              no-unused-vars
  198:10  warning  'submit11' is defined but never used                    no-unused-vars
  223:10  warning  'trans_cutter' is defined but never used                no-unused-vars
  249:10  warning  'trans_tap_back' is defined but never used              no-unused-vars
  266:10  warning  'add_pzt' is defined but never used                     no-unused-vars
  282:10  warning  'add_bond' is defined but never used                    no-unused-vars
  299:10  warning  'trans_brush' is defined but never used                 no-unused-vars
  331:10  warning  'trans_pzt1' is defined but never used                  no-unused-vars
  348:10  warning  'add_rod' is defined but never used                     no-unused-vars
  370:10  warning  'add_wire' is defined but never used                    no-unused-vars
  395:10  warning  'trans_wire1' is defined but never used                 no-unused-vars
  413:10  warning  'trans_wire2' is defined but never used                 no-unused-vars
  432:10  warning  'trans_wire1_click' is defined but never used           no-unused-vars
  443:10  warning  'trans_soldrod' is defined but never used               no-unused-vars
  457:1   warning  '$' is not defined                                      no-undef
  462:1   warning  '$' is not defined                                      no-undef
  466:1   warning  '$' is not defined                                      no-undef
  477:1   warning  '$' is not defined                                      no-undef
  501:10  warning  'addscale2' is defined but never used                   no-unused-vars
  545:10  warning  'add_pzt2' is defined but never used                    no-unused-vars
  562:10  warning  'trans_brush1' is defined but never used                no-unused-vars
  593:10  warning  'trans_pzt2' is defined but never used                  no-unused-vars
  610:10  warning  'add_wire_canvas1b' is defined but never used           no-unused-vars
  635:10  warning  'trans_wire1_canvas1b' is defined but never used        no-unused-vars
  652:10  warning  'trans_wire2_canvas1b' is defined but never used        no-unused-vars
  672:10  warning  'trans_wire1_click_canvas1b' is defined but never used  no-unused-vars
  684:10  warning  'trans_soldrod_canvas1b' is defined but never used      no-unused-vars
  697:1   warning  '$' is not defined                                      no-undef
  702:1   warning  '$' is not defined                                      no-undef
  707:1   warning  '$' is not defined                                      no-undef
  712:2   warning  '$' is not defined                                      no-undef
  737:10  warning  'add_lcr' is defined but never used                     no-unused-vars
  777:10  warning  'full_image' is defined but never used                  no-unused-vars
  806:10  warning  'pin1' is defined but never used                        no-unused-vars
  832:10  warning  'pin2' is defined but never used                        no-unused-vars
  863:10  warning  'pin3' is defined but never used                        no-unused-vars
  887:10  warning  'pin4' is defined but never used                        no-unused-vars
  913:10  warning  'lcr_on' is defined but never used                      no-unused-vars
  954:1   warning  '$' is not defined                                      no-undef
  978:10  warning  'ok' is defined but never used                          no-unused-vars
  995:10  warning  'notepad4' is defined but never used                    no-unused-vars

/home/runner/work/exp-structure-break-down-iitd/exp-structure-break-down-iitd/experiment/simulation/main.js
    3:10  warning  'restart' is defined but never used                     no-unused-vars
    9:10  warning  'navNext0' is defined but never used                    no-unused-vars
   17:10  warning  'navNext1' is defined but never used                    no-unused-vars
   25:10  warning  'navNext1a' is defined but never used                   no-unused-vars
   33:10  warning  'navNext1b' is defined but never used                   no-unused-vars
   42:10  warning  'navNext1c' is defined but never used                   no-unused-vars
   52:10  warning  'navNext1d' is defined but never used                   no-unused-vars
   61:10  warning  'navNext1e' is defined but never used                   no-unused-vars
   69:10  warning  'navNext1f' is defined but never used                   no-unused-vars
   77:10  warning  'navNext1g' is defined but never used                   no-unused-vars
   85:10  warning  'navNext1h' is defined but never used                   no-unused-vars
   91:10  warning  'navNext1i' is defined but never used                   no-unused-vars
  108:10  warning  'navNext2' is defined but never used                    no-unused-vars
  116:2   warning  '$' is not defined                                      no-undef
  129:10  warning  'add_stand' is defined but never used                   no-unused-vars
  149:10  warning  'start_analysis' is defined but never used              no-unused-vars
  153:10  warning  'add_aluminium_bar' is defined but never used           no-unused-vars
  172:10  warning  'add_cellotap' is defined but never used                no-unused-vars
  189:10  warning  'start_Analysis' is defined but never used              no-unused-vars
  197:10  warning  'submit11' is defined but never used                    no-unused-vars
  222:10  warning  'trans_cutter' is defined but never used                no-unused-vars
  248:10  warning  'trans_tap_back' is defined but never used              no-unused-vars
  265:10  warning  'add_pzt' is defined but never used                     no-unused-vars
  281:10  warning  'add_bond' is defined but never used                    no-unused-vars
  298:10  warning  'trans_brush' is defined but never used                 no-unused-vars
  330:10  warning  'trans_pzt1' is defined but never used                  no-unused-vars
  347:10  warning  'add_rod' is defined but never used                     no-unused-vars
  369:10  warning  'add_wire' is defined but never used                    no-unused-vars
  394:10  warning  'trans_wire1' is defined but never used                 no-unused-vars
  412:10  warning  'trans_wire2' is defined but never used                 no-unused-vars
  431:10  warning  'trans_wire1_click' is defined but never used           no-unused-vars
  442:10  warning  'trans_soldrod' is defined but never used               no-unused-vars
  456:1   warning  '$' is not defined                                      no-undef
  461:1   warning  '$' is not defined                                      no-undef
  465:1   warning  '$' is not defined                                      no-undef
  476:1   warning  '$' is not defined                                      no-undef
  500:10  warning  'addscale2' is defined but never used                   no-unused-vars
  544:10  warning  'add_pzt2' is defined but never used                    no-unused-vars
  561:10  warning  'trans_brush1' is defined but never used                no-unused-vars
  592:10  warning  'trans_pzt2' is defined but never used                  no-unused-vars
  609:10  warning  'add_wire_canvas1b' is defined but never used           no-unused-vars
  634:10  warning  'trans_wire1_canvas1b' is defined but never used        no-unused-vars
  651:10  warning  'trans_wire2_canvas1b' is defined but never used        no-unused-vars
  671:10  warning  'trans_wire1_click_canvas1b' is defined but never used  no-unused-vars
  683:10  warning  'trans_soldrod_canvas1b' is defined but never used      no-unused-vars
  696:1   warning  '$' is not defined                                      no-undef
  701:1   warning  '$' is not defined                                      no-undef
  706:1   warning  '$' is not defined                                      no-undef
  711:2   warning  '$' is not defined                                      no-undef
  736:10  warning  'add_lcr' is defined but never used                     no-unused-vars
  776:10  warning  'full_image' is defined but never used                  no-unused-vars
  805:10  warning  'pin1' is defined but never used                        no-unused-vars
  831:10  warning  'pin2' is defined but never used                        no-unused-vars
  862:10  warning  'pin3' is defined but never used                        no-unused-vars
  886:10  warning  'pin4' is defined but never used                        no-unused-vars
  912:10  warning  'lcr_on' is defined but never used                      no-unused-vars
  953:1   warning  '$' is not defined                                      no-undef
  977:10  warning  'ok' is defined but never used                          no-unused-vars
  994:10  warning  'notepad4' is defined but never used                    no-unused-vars

✖ 122 problems (0 errors, 122 warnings)

